[ERR!] cwd  : /Users/damir/Code/angularstarter
[ERR!] os   : Darwin 17.3.0
[ERR!] argv : "/usr/local/bin/node" "/usr/local/bin/tsd" "install" "jwt_decode"
[ERR!] node : v9.5.0
[ERR!] tsd  : 0.6.5
[ERR!] Error: Cannot find module 'internal/util/types'
[ERR!] CODE : MODULE_NOT_FOUND
[ERR!] Cannot find module 'internal/util/types'
[ERR!] If you need help, you may report this error at:
    https://github.com/DefinitelyTyped/tsd/issues

[ERR!] 
Error: Cannot find module 'internal/util/types'
    at Function.Module._resolveFilename (module.js:555:15)
    at Function.Module._load (module.js:482:25)
    at Module.require (module.js:604:17)
    at require (internal/module.js:11:18)
    at evalmachine.<anonymous>:31:26
    at Object.<anonymous> (/usr/local/lib/node_modules/tsd/node_modules/update-notifier/node_modules/configstore/node_modules/graceful-fs/fs.js:11:1)
    at Module._compile (module.js:660:30)
    at Object.Module._extensions..js (module.js:671:10)
    at Module.load (module.js:573:32)
    at tryModuleLoad (module.js:513:12)

[ERR!] tsd.json could not be retrieved

[ERR!] .tsdrc could not be retrieved

[ERR!] Please include the following file with any support request:
    /Users/damir/Code/angularstarter/tsd-debug.log

